2026-03-18 17:40:58,901 | INFO | System heartbeat OK | delay=0s
2026-03-18 17:41:03,907 | INFO | System heartbeat OK | delay=5s
2026-03-18 17:41:08,916 | INFO | System heartbeat OK | delay=5s
2026-03-18 17:41:13,923 | INFO | System heartbeat OK | delay=5s
2026-03-18 17:41:18,930 | INFO | System heartbeat OK | delay=5s
2026-03-18 17:41:23,938 | INFO | System heartbeat OK | delay=5s
2026-03-18 17:41:28,946 | INFO | System heartbeat OK | delay=5s
2026-03-18 17:41:33,950 | INFO | System heartbeat OK | delay=5s
2026-03-18 17:41:38,957 | INFO | System heartbeat OK | delay=5s
2026-03-18 17:42:53,522 | INFO | [START] Infrastructure Health Service Started
2026-03-18 17:42:53,523 | WARNING | HIGH RAM USAGE -> 89.4%
2026-03-18 17:42:53,524 | INFO | System heartbeat OK | delay=0s
2026-03-18 17:42:58,525 | WARNING | HIGH RAM USAGE -> 89.5%
2026-03-18 17:42:58,525 | INFO | System heartbeat OK | delay=5s
2026-03-18 17:43:03,526 | WARNING | HIGH RAM USAGE -> 91.0%
2026-03-18 17:43:03,526 | INFO | System heartbeat OK | delay=5s
2026-03-18 17:43:08,527 | WARNING | HIGH RAM USAGE -> 91.8%
2026-03-18 17:43:08,527 | INFO | System heartbeat OK | delay=5s
2026-03-18 17:43:13,529 | WARNING | HIGH RAM USAGE -> 91.3%
2026-03-18 17:43:13,529 | INFO | System heartbeat OK | delay=5s
2026-03-18 17:43:18,531 | WARNING | HIGH RAM USAGE -> 90.4%
2026-03-18 17:43:18,531 | INFO | System heartbeat OK | delay=5s
2026-03-18 17:43:23,532 | WARNING | HIGH RAM USAGE -> 90.8%
2026-03-18 17:43:23,533 | INFO | System heartbeat OK | delay=5s
2026-03-18 17:43:28,534 | WARNING | HIGH RAM USAGE -> 91.4%
2026-03-18 17:43:28,534 | INFO | System heartbeat OK | delay=5s
2026-03-18 17:43:35,976 | INFO | [START] Infrastructure Health Service Started
2026-03-18 17:43:35,976 | WARNING | HIGH RAM USAGE -> 86.8%
2026-03-18 17:43:35,976 | INFO | System heartbeat OK | delay=0s
2026-03-18 17:44:24,207 | INFO | [START] Infrastructure Health Service Started
2026-03-18 17:44:24,209 | WARNING | HIGH RAM USAGE -> 89.3%
2026-03-18 17:44:24,209 | INFO | System heartbeat OK | delay=0s
2026-03-18 17:44:29,209 | WARNING | HIGH RAM USAGE -> 89.3%
2026-03-18 17:44:29,210 | INFO | System heartbeat OK | delay=5s
2026-03-18 17:44:34,210 | WARNING | HIGH RAM USAGE -> 90.1%
2026-03-18 17:44:34,211 | INFO | System heartbeat OK | delay=5s
2026-03-18 17:44:35,914 | INFO | [START] Infrastructure Health Service Started
2026-03-18 17:44:35,916 | WARNING | HIGH RAM USAGE -> 90.3%
2026-03-18 17:44:35,916 | INFO | System heartbeat OK | delay=0s
2026-03-18 17:44:39,211 | WARNING | HIGH RAM USAGE -> 86.7%
2026-03-18 17:44:39,211 | INFO | System heartbeat OK | delay=5s
2026-03-18 17:44:40,377 | INFO | [STOP] Infrastructure Health Service Stopped
2026-03-18 17:44:40,917 | INFO | System heartbeat OK | delay=5s
2026-03-18 17:44:44,656 | INFO | [STOP] Infrastructure Health Service Stopped
2026-03-18 17:44:47,517 | INFO | [START] Infrastructure Health Service Started
2026-03-18 17:44:47,518 | WARNING | HIGH RAM USAGE -> 85.4%
2026-03-18 17:44:47,518 | INFO | System heartbeat OK | delay=0s
2026-03-18 17:44:51,192 | INFO | [STOP] Infrastructure Health Service Stopped
2026-03-18 17:46:13,500 | INFO | [START] Infrastructure Health Service Started
2026-03-18 17:46:13,501 | WARNING | HIGH RAM USAGE -> 87.9%
2026-03-18 17:46:13,501 | INFO | System heartbeat OK | delay=0s
2026-03-18 17:46:18,503 | WARNING | HIGH RAM USAGE -> 88.2%
2026-03-18 17:46:18,503 | INFO | System heartbeat OK | delay=5s
2026-03-18 17:46:23,503 | WARNING | HIGH RAM USAGE -> 88.2%
2026-03-18 17:46:23,503 | INFO | System heartbeat OK | delay=5s
2026-03-18 17:46:28,504 | WARNING | HIGH RAM USAGE -> 88.0%
2026-03-18 17:46:28,504 | INFO | System heartbeat OK | delay=5s
2026-03-18 17:46:33,505 | WARNING | HIGH RAM USAGE -> 87.8%
2026-03-18 17:46:33,505 | INFO | System heartbeat OK | delay=5s
2026-03-18 17:46:38,506 | WARNING | HIGH RAM USAGE -> 88.9%
2026-03-18 17:46:38,507 | INFO | System heartbeat OK | delay=5s
2026-03-18 17:46:39,742 | INFO | [STOP] Infrastructure Health Service Stopped
2026-03-18 17:47:01,377 | INFO | [START] Infrastructure Health Service Started
2026-03-18 17:47:01,378 | WARNING | HIGH RAM USAGE -> 89.5%
2026-03-18 17:47:01,378 | INFO | System heartbeat OK | delay=0s
2026-03-18 17:47:06,379 | WARNING | HIGH RAM USAGE -> 86.4%
2026-03-18 17:47:06,381 | INFO | System heartbeat OK | delay=5s
2026-03-18 17:47:11,382 | WARNING | HIGH RAM USAGE -> 86.6%
2026-03-18 17:47:11,382 | INFO | System heartbeat OK | delay=5s
2026-03-18 17:47:16,384 | WARNING | HIGH RAM USAGE -> 86.7%
2026-03-18 17:47:16,385 | INFO | System heartbeat OK | delay=5s
2026-03-18 17:47:21,386 | WARNING | HIGH RAM USAGE -> 88.3%
2026-03-18 17:47:21,387 | INFO | System heartbeat OK | delay=5s
2026-03-18 17:47:26,388 | WARNING | HIGH RAM USAGE -> 87.8%
2026-03-18 17:47:26,389 | INFO | System heartbeat OK | delay=5s
2026-03-18 17:47:31,391 | WARNING | HIGH RAM USAGE -> 88.2%
2026-03-18 17:47:31,391 | INFO | System heartbeat OK | delay=5s
2026-03-18 17:47:36,394 | WARNING | HIGH RAM USAGE -> 87.3%
2026-03-18 17:47:36,395 | INFO | System heartbeat OK | delay=5s
2026-03-18 17:47:41,396 | WARNING | HIGH RAM USAGE -> 87.4%
2026-03-18 17:47:41,397 | INFO | System heartbeat OK | delay=5s
2026-03-18 17:47:46,398 | WARNING | HIGH RAM USAGE -> 88.6%
2026-03-18 17:47:46,399 | INFO | System heartbeat OK | delay=5s
2026-03-18 17:47:51,404 | WARNING | HIGH RAM USAGE -> 88.3%
2026-03-18 17:47:51,405 | INFO | System heartbeat OK | delay=5s
2026-03-18 17:47:56,406 | WARNING | HIGH RAM USAGE -> 87.9%
2026-03-18 17:47:56,406 | INFO | System heartbeat OK | delay=5s
2026-03-18 17:48:01,407 | WARNING | HIGH RAM USAGE -> 87.9%
2026-03-18 17:48:01,407 | INFO | System heartbeat OK | delay=5s
2026-03-18 17:48:06,409 | WARNING | HIGH RAM USAGE -> 87.6%
2026-03-18 17:48:06,410 | INFO | System heartbeat OK | delay=5s
2026-03-18 17:48:11,411 | WARNING | HIGH RAM USAGE -> 88.0%
2026-03-18 17:48:11,411 | INFO | System heartbeat OK | delay=5s
2026-03-18 17:48:16,414 | WARNING | HIGH RAM USAGE -> 87.9%
2026-03-18 17:48:16,415 | INFO | System heartbeat OK | delay=5s
2026-03-18 17:48:21,418 | WARNING | HIGH RAM USAGE -> 87.3%
2026-03-18 17:48:21,419 | INFO | System heartbeat OK | delay=5s
2026-03-18 17:48:26,421 | WARNING | HIGH RAM USAGE -> 88.0%
2026-03-18 17:48:26,422 | INFO | System heartbeat OK | delay=5s
2026-03-18 17:48:31,424 | WARNING | HIGH RAM USAGE -> 87.9%
2026-03-18 17:48:31,425 | INFO | System heartbeat OK | delay=5s
2026-03-18 17:48:33,814 | INFO | [STOP] Infrastructure Health Service Stopped
2026-03-18 23:00:20,198 | INFO | [START] Infrastructure Health Service Started
2026-03-18 23:00:20,200 | INFO | System heartbeat OK | delay=0s
2026-03-18 23:00:25,202 | INFO | System heartbeat OK | delay=5s
2026-03-18 23:00:30,203 | INFO | System heartbeat OK | delay=5s
2026-03-18 23:00:35,204 | INFO | System heartbeat OK | delay=5s
2026-03-18 23:00:40,205 | INFO | System heartbeat OK | delay=5s
2026-03-18 23:00:42,011 | INFO | [STOP] Infrastructure Health Service Stopped
2026-03-18 23:09:59,787 | INFO | [START] Infrastructure Health Service Started
2026-03-18 23:09:59,788 | INFO | System heartbeat OK | delay=0s
2026-03-18 23:10:04,789 | INFO | System heartbeat OK | delay=5s
2026-03-18 23:10:09,790 | INFO | System heartbeat OK | delay=5s
2026-03-18 23:10:14,792 | INFO | System heartbeat OK | delay=5s
2026-03-18 23:10:19,791 | INFO | System heartbeat OK | delay=4s
2026-03-18 23:10:24,793 | INFO | System heartbeat OK | delay=5s
2026-03-18 23:10:29,795 | INFO | System heartbeat OK | delay=5s
2026-03-18 23:10:34,796 | INFO | System heartbeat OK | delay=5s
2026-03-18 23:10:39,798 | INFO | System heartbeat OK | delay=5s
2026-03-18 23:10:44,799 | INFO | System heartbeat OK | delay=5s
2026-03-18 23:10:49,799 | INFO | System heartbeat OK | delay=4s
2026-03-18 23:10:54,800 | INFO | System heartbeat OK | delay=5s
2026-03-18 23:10:59,801 | INFO | System heartbeat OK | delay=5s
2026-03-18 23:11:04,803 | INFO | System heartbeat OK | delay=5s
2026-03-18 23:11:09,805 | INFO | System heartbeat OK | delay=5s
2026-03-18 23:11:14,806 | INFO | System heartbeat OK | delay=5s
2026-03-18 23:11:19,806 | INFO | System heartbeat OK | delay=4s
2026-03-18 23:11:24,811 | INFO | System heartbeat OK | delay=5s
2026-03-18 23:11:29,812 | INFO | System heartbeat OK | delay=5s
2026-03-18 23:11:34,814 | INFO | System heartbeat OK | delay=5s
2026-03-18 23:11:39,815 | INFO | System heartbeat OK | delay=5s
2026-03-18 23:11:44,816 | INFO | System heartbeat OK | delay=5s
2026-03-18 23:11:49,816 | INFO | System heartbeat OK | delay=5s
2026-03-18 23:11:54,818 | INFO | System heartbeat OK | delay=5s
2026-03-18 23:11:59,820 | INFO | System heartbeat OK | delay=5s
2026-03-18 23:12:04,821 | INFO | System heartbeat OK | delay=5s
2026-03-18 23:12:09,823 | INFO | System heartbeat OK | delay=5s
2026-03-18 23:12:14,824 | INFO | System heartbeat OK | delay=5s
2026-03-18 23:12:19,823 | INFO | System heartbeat OK | delay=4s
2026-03-18 23:12:24,824 | INFO | System heartbeat OK | delay=5s
2026-03-18 23:12:29,826 | INFO | System heartbeat OK | delay=5s
2026-03-18 23:12:34,827 | INFO | System heartbeat OK | delay=5s
2026-03-18 23:12:39,828 | INFO | System heartbeat OK | delay=5s
2026-03-18 23:12:44,830 | INFO | System heartbeat OK | delay=5s
2026-03-18 23:12:49,830 | INFO | System heartbeat OK | delay=4s
2026-03-18 23:12:54,831 | INFO | System heartbeat OK | delay=5s
2026-03-18 23:12:59,832 | INFO | System heartbeat OK | delay=5s
2026-03-18 23:13:04,833 | INFO | System heartbeat OK | delay=5s
2026-03-18 23:13:09,834 | INFO | System heartbeat OK | delay=5s
2026-03-18 23:13:14,835 | INFO | System heartbeat OK | delay=5s
2026-03-18 23:13:19,840 | INFO | System heartbeat OK | delay=5s
2026-03-18 23:13:24,842 | INFO | System heartbeat OK | delay=5s
2026-03-18 23:13:29,844 | INFO | System heartbeat OK | delay=5s
2026-03-18 23:13:34,846 | INFO | System heartbeat OK | delay=5s
2026-03-18 23:13:39,848 | INFO | System heartbeat OK | delay=5s
2026-03-18 23:13:44,849 | INFO | System heartbeat OK | delay=5s
2026-03-18 23:13:49,849 | INFO | System heartbeat OK | delay=5s
2026-03-18 23:13:54,850 | INFO | System heartbeat OK | delay=5s
2026-03-18 23:13:59,852 | INFO | System heartbeat OK | delay=5s
2026-03-18 23:14:04,853 | INFO | System heartbeat OK | delay=5s
2026-03-18 23:14:09,854 | INFO | System heartbeat OK | delay=5s
2026-03-18 23:14:14,856 | INFO | System heartbeat OK | delay=5s
2026-03-18 23:14:19,856 | INFO | System heartbeat OK | delay=4s
2026-03-18 23:14:24,857 | INFO | System heartbeat OK | delay=5s
2026-03-18 23:14:29,858 | INFO | System heartbeat OK | delay=5s
2026-03-18 23:14:34,860 | INFO | System heartbeat OK | delay=5s
2026-03-18 23:14:39,861 | INFO | System heartbeat OK | delay=5s
2026-03-18 23:14:44,862 | INFO | System heartbeat OK | delay=5s
2026-03-18 23:14:49,862 | INFO | System heartbeat OK | delay=4s
2026-03-18 23:14:54,864 | INFO | System heartbeat OK | delay=5s
2026-03-18 23:14:59,865 | INFO | System heartbeat OK | delay=5s
2026-03-18 23:15:04,867 | INFO | System heartbeat OK | delay=5s
2026-03-18 23:15:09,869 | INFO | System heartbeat OK | delay=5s
2026-03-18 23:15:14,870 | INFO | System heartbeat OK | delay=5s
2026-03-18 23:15:19,869 | INFO | System heartbeat OK | delay=4s
2026-03-18 23:15:24,871 | INFO | System heartbeat OK | delay=5s
2026-03-18 23:15:29,874 | INFO | System heartbeat OK | delay=5s
2026-03-18 23:15:34,875 | INFO | System heartbeat OK | delay=5s
2026-03-18 23:15:39,878 | INFO | System heartbeat OK | delay=5s
2026-03-18 23:15:44,880 | INFO | System heartbeat OK | delay=5s
2026-03-18 23:15:49,879 | INFO | System heartbeat OK | delay=4s
2026-03-18 23:15:54,880 | INFO | System heartbeat OK | delay=5s
2026-03-18 23:15:59,882 | INFO | System heartbeat OK | delay=5s
2026-03-18 23:16:04,883 | INFO | System heartbeat OK | delay=5s
2026-03-18 23:16:09,887 | INFO | System heartbeat OK | delay=5s
2026-03-18 23:16:14,890 | INFO | System heartbeat OK | delay=5s
2026-03-18 23:16:19,890 | INFO | System heartbeat OK | delay=4s
2026-03-18 23:16:24,891 | INFO | System heartbeat OK | delay=5s
2026-03-18 23:16:29,893 | INFO | System heartbeat OK | delay=5s
2026-03-18 23:16:34,895 | INFO | System heartbeat OK | delay=5s
2026-03-18 23:16:39,896 | INFO | System heartbeat OK | delay=5s
2026-03-18 23:16:44,897 | INFO | System heartbeat OK | delay=5s
2026-03-18 23:16:49,898 | INFO | System heartbeat OK | delay=5s
2026-03-18 23:16:54,899 | INFO | System heartbeat OK | delay=5s
2026-03-18 23:16:59,901 | INFO | System heartbeat OK | delay=5s
2026-03-18 23:17:04,903 | INFO | System heartbeat OK | delay=5s
2026-03-18 23:17:09,905 | INFO | System heartbeat OK | delay=5s
2026-03-18 23:17:14,907 | INFO | System heartbeat OK | delay=5s
2026-03-18 23:17:19,906 | INFO | System heartbeat OK | delay=4s
2026-03-18 23:17:24,907 | INFO | System heartbeat OK | delay=5s
2026-03-18 23:17:29,910 | INFO | System heartbeat OK | delay=5s
2026-03-18 23:17:34,911 | INFO | System heartbeat OK | delay=5s
2026-03-18 23:17:39,912 | INFO | System heartbeat OK | delay=5s
2026-03-18 23:17:44,914 | INFO | System heartbeat OK | delay=5s
2026-03-18 23:17:49,913 | INFO | System heartbeat OK | delay=4s
2026-03-18 23:17:54,916 | INFO | System heartbeat OK | delay=5s
2026-03-18 23:17:59,917 | INFO | System heartbeat OK | delay=5s
2026-03-18 23:18:04,919 | INFO | System heartbeat OK | delay=5s
2026-03-18 23:18:09,920 | INFO | System heartbeat OK | delay=5s
2026-03-18 23:18:14,922 | INFO | System heartbeat OK | delay=5s
2026-03-18 23:18:19,922 | INFO | System heartbeat OK | delay=5s
2026-03-18 23:18:24,924 | INFO | System heartbeat OK | delay=5s
2026-03-18 23:18:29,925 | INFO | System heartbeat OK | delay=5s
2026-03-18 23:18:34,926 | INFO | System heartbeat OK | delay=5s
2026-03-18 23:18:39,928 | INFO | System heartbeat OK | delay=5s
2026-03-18 23:18:44,930 | INFO | System heartbeat OK | delay=5s
2026-03-18 23:18:49,929 | INFO | System heartbeat OK | delay=4s
2026-03-18 23:18:54,930 | INFO | System heartbeat OK | delay=5s
2026-03-18 23:18:59,932 | INFO | System heartbeat OK | delay=5s
2026-03-18 23:19:04,933 | INFO | System heartbeat OK | delay=5s
2026-03-18 23:19:09,934 | INFO | System heartbeat OK | delay=5s
2026-03-18 23:19:14,936 | INFO | System heartbeat OK | delay=5s
2026-03-18 23:19:19,935 | INFO | System heartbeat OK | delay=4s
2026-03-18 23:19:24,937 | INFO | System heartbeat OK | delay=5s
2026-03-18 23:19:29,938 | INFO | System heartbeat OK | delay=5s
2026-03-18 23:19:34,939 | INFO | System heartbeat OK | delay=5s
2026-03-18 23:19:39,943 | INFO | System heartbeat OK | delay=5s
2026-03-18 23:19:44,944 | INFO | System heartbeat OK | delay=5s
2026-03-18 23:19:49,944 | INFO | System heartbeat OK | delay=4s
2026-03-18 23:19:54,945 | INFO | System heartbeat OK | delay=5s
2026-03-18 23:19:59,946 | INFO | System heartbeat OK | delay=5s
2026-03-18 23:20:04,948 | INFO | System heartbeat OK | delay=5s
2026-03-18 23:20:09,949 | INFO | System heartbeat OK | delay=5s
2026-03-18 23:20:14,951 | INFO | System heartbeat OK | delay=5s
2026-03-18 23:20:19,950 | INFO | System heartbeat OK | delay=4s
2026-03-18 23:20:24,952 | INFO | System heartbeat OK | delay=5s
2026-03-18 23:20:29,953 | INFO | System heartbeat OK | delay=5s
2026-03-18 23:20:34,955 | INFO | System heartbeat OK | delay=5s
2026-03-18 23:20:39,956 | INFO | System heartbeat OK | delay=5s
2026-03-18 23:20:44,958 | INFO | System heartbeat OK | delay=5s
2026-03-18 23:20:49,958 | INFO | System heartbeat OK | delay=4s
2026-03-18 23:20:54,960 | INFO | System heartbeat OK | delay=5s
2026-03-18 23:20:59,971 | INFO | System heartbeat OK | delay=5s
2026-03-18 23:21:04,973 | INFO | System heartbeat OK | delay=5s
2026-03-18 23:21:09,974 | INFO | System heartbeat OK | delay=5s
2026-03-18 23:21:14,977 | INFO | System heartbeat OK | delay=5s
2026-03-18 23:21:19,977 | INFO | System heartbeat OK | delay=4s
2026-03-18 23:21:24,986 | INFO | System heartbeat OK | delay=5s
2026-03-18 23:21:29,987 | INFO | System heartbeat OK | delay=5s
2026-03-18 23:21:34,988 | INFO | System heartbeat OK | delay=5s
2026-03-18 23:21:39,990 | INFO | System heartbeat OK | delay=5s
2026-03-18 23:21:44,991 | INFO | System heartbeat OK | delay=5s
2026-03-18 23:21:49,990 | INFO | System heartbeat OK | delay=4s
2026-03-18 23:21:54,991 | INFO | System heartbeat OK | delay=5s
2026-03-18 23:21:59,992 | INFO | System heartbeat OK | delay=5s
2026-03-18 23:22:04,994 | INFO | System heartbeat OK | delay=5s
2026-03-18 23:22:09,996 | INFO | System heartbeat OK | delay=5s
2026-03-18 23:22:14,999 | INFO | System heartbeat OK | delay=5s
2026-03-18 23:22:20,009 | INFO | System heartbeat OK | delay=5s
2026-03-18 23:22:25,010 | INFO | System heartbeat OK | delay=5s
2026-03-18 23:22:30,011 | INFO | System heartbeat OK | delay=5s
2026-03-18 23:22:35,012 | INFO | System heartbeat OK | delay=5s
2026-03-18 23:22:40,013 | INFO | System heartbeat OK | delay=5s
2026-03-18 23:22:45,015 | INFO | System heartbeat OK | delay=5s
2026-03-18 23:22:50,014 | INFO | System heartbeat OK | delay=4s
2026-03-18 23:22:55,016 | INFO | System heartbeat OK | delay=5s
2026-03-18 23:23:00,017 | INFO | System heartbeat OK | delay=5s
2026-03-18 23:23:05,018 | INFO | System heartbeat OK | delay=5s
2026-03-18 23:23:10,020 | INFO | System heartbeat OK | delay=5s
2026-03-18 23:23:15,021 | INFO | System heartbeat OK | delay=5s
2026-03-18 23:23:20,020 | INFO | System heartbeat OK | delay=4s
2026-03-18 23:23:25,031 | INFO | System heartbeat OK | delay=5s
2026-03-18 23:23:30,032 | INFO | System heartbeat OK | delay=5s
2026-03-18 23:23:35,033 | INFO | System heartbeat OK | delay=5s
2026-03-18 23:23:40,037 | INFO | System heartbeat OK | delay=5s
2026-03-18 23:23:45,039 | INFO | System heartbeat OK | delay=5s
2026-03-18 23:23:50,039 | INFO | System heartbeat OK | delay=4s
2026-03-18 23:23:55,040 | INFO | System heartbeat OK | delay=5s
2026-03-18 23:24:00,041 | INFO | System heartbeat OK | delay=5s
2026-03-18 23:24:05,042 | INFO | System heartbeat OK | delay=5s
2026-03-18 23:24:10,044 | INFO | System heartbeat OK | delay=5s
2026-03-18 23:24:15,046 | INFO | System heartbeat OK | delay=5s
2026-03-18 23:24:20,045 | INFO | System heartbeat OK | delay=4s
2026-03-18 23:24:25,046 | INFO | System heartbeat OK | delay=5s
2026-03-18 23:24:30,048 | INFO | System heartbeat OK | delay=5s
2026-03-18 23:24:35,049 | INFO | System heartbeat OK | delay=5s
2026-03-18 23:24:40,051 | INFO | System heartbeat OK | delay=5s
2026-03-18 23:24:45,052 | INFO | System heartbeat OK | delay=5s
2026-03-18 23:24:50,069 | INFO | System heartbeat OK | delay=5s
2026-03-18 23:24:55,070 | INFO | System heartbeat OK | delay=5s
2026-03-18 23:25:00,072 | INFO | System heartbeat OK | delay=5s
2026-03-18 23:25:05,073 | INFO | System heartbeat OK | delay=5s
2026-03-18 23:25:10,074 | INFO | System heartbeat OK | delay=5s
2026-03-18 23:25:15,075 | INFO | System heartbeat OK | delay=5s
2026-03-18 23:25:20,075 | INFO | System heartbeat OK | delay=4s
2026-03-18 23:25:25,075 | INFO | System heartbeat OK | delay=5s
2026-03-18 23:25:30,077 | INFO | System heartbeat OK | delay=5s
2026-03-18 23:25:35,106 | INFO | System heartbeat OK | delay=5s
2026-03-18 23:25:40,107 | INFO | System heartbeat OK | delay=5s
2026-03-18 23:25:45,108 | INFO | System heartbeat OK | delay=5s
2026-03-18 23:25:50,106 | INFO | System heartbeat OK | delay=4s
2026-03-18 23:25:55,108 | INFO | System heartbeat OK | delay=5s
2026-03-18 23:26:00,109 | INFO | System heartbeat OK | delay=5s
2026-03-18 23:26:05,114 | INFO | System heartbeat OK | delay=5s
2026-03-18 23:26:10,115 | INFO | System heartbeat OK | delay=5s
2026-03-18 23:26:15,116 | INFO | System heartbeat OK | delay=5s
2026-03-18 23:26:20,117 | INFO | System heartbeat OK | delay=5s
2026-03-18 23:26:25,118 | INFO | System heartbeat OK | delay=5s
2026-03-18 23:26:30,120 | INFO | System heartbeat OK | delay=5s
2026-03-18 23:26:35,122 | INFO | System heartbeat OK | delay=5s
2026-03-18 23:26:40,123 | INFO | System heartbeat OK | delay=5s
2026-03-18 23:26:45,124 | INFO | System heartbeat OK | delay=5s
2026-03-18 23:26:50,124 | INFO | System heartbeat OK | delay=4s
2026-03-18 23:26:55,125 | INFO | System heartbeat OK | delay=5s
2026-03-18 23:27:00,127 | INFO | System heartbeat OK | delay=5s
2026-03-18 23:27:05,128 | INFO | System heartbeat OK | delay=5s
2026-03-18 23:27:10,129 | INFO | System heartbeat OK | delay=5s
2026-03-18 23:27:15,130 | INFO | System heartbeat OK | delay=5s
2026-03-18 23:27:20,130 | INFO | System heartbeat OK | delay=5s
2026-03-18 23:27:25,132 | INFO | System heartbeat OK | delay=5s
2026-03-18 23:27:30,133 | INFO | System heartbeat OK | delay=5s
2026-03-18 23:27:35,135 | INFO | System heartbeat OK | delay=5s
2026-03-18 23:27:40,136 | INFO | System heartbeat OK | delay=5s
2026-03-18 23:27:45,137 | INFO | System heartbeat OK | delay=5s
2026-03-18 23:27:50,136 | INFO | System heartbeat OK | delay=4s
2026-03-18 23:27:55,154 | INFO | System heartbeat OK | delay=5s
2026-03-18 23:28:00,156 | INFO | System heartbeat OK | delay=5s
2026-03-18 23:28:05,157 | INFO | System heartbeat OK | delay=5s
2026-03-18 23:28:10,158 | INFO | System heartbeat OK | delay=5s
2026-03-18 23:28:15,160 | INFO | System heartbeat OK | delay=5s
2026-03-18 23:28:20,159 | INFO | System heartbeat OK | delay=4s
2026-03-18 23:28:25,161 | INFO | System heartbeat OK | delay=5s
2026-03-18 23:28:30,163 | INFO | System heartbeat OK | delay=5s
2026-03-18 23:28:35,164 | INFO | System heartbeat OK | delay=5s
2026-03-18 23:28:40,165 | INFO | System heartbeat OK | delay=5s
2026-03-18 23:28:45,167 | INFO | System heartbeat OK | delay=5s
2026-03-18 23:28:50,169 | INFO | System heartbeat OK | delay=5s
2026-03-18 23:28:55,170 | INFO | System heartbeat OK | delay=5s
2026-03-18 23:29:00,171 | INFO | System heartbeat OK | delay=5s
2026-03-18 23:29:05,174 | INFO | System heartbeat OK | delay=5s
2026-03-18 23:29:10,175 | INFO | System heartbeat OK | delay=5s
2026-03-18 23:29:15,176 | INFO | System heartbeat OK | delay=5s
2026-03-18 23:29:20,176 | INFO | System heartbeat OK | delay=4s
2026-03-18 23:29:25,177 | INFO | System heartbeat OK | delay=5s
2026-03-18 23:29:30,179 | INFO | System heartbeat OK | delay=5s
2026-03-18 23:29:35,187 | INFO | System heartbeat OK | delay=5s
2026-03-18 23:29:40,189 | INFO | System heartbeat OK | delay=5s
2026-03-18 23:29:45,190 | INFO | System heartbeat OK | delay=5s
2026-03-18 23:29:50,190 | INFO | System heartbeat OK | delay=5s
2026-03-18 23:29:55,192 | INFO | System heartbeat OK | delay=5s
2026-03-18 23:30:00,206 | INFO | System heartbeat OK | delay=5s
2026-03-18 23:30:05,207 | INFO | System heartbeat OK | delay=5s
2026-03-18 23:30:10,208 | INFO | System heartbeat OK | delay=5s
2026-03-18 23:30:15,209 | INFO | System heartbeat OK | delay=5s
2026-03-18 23:30:20,209 | INFO | System heartbeat OK | delay=4s
2026-03-18 23:30:25,209 | INFO | System heartbeat OK | delay=5s
2026-03-18 23:30:30,210 | INFO | System heartbeat OK | delay=5s
2026-03-18 23:30:35,211 | INFO | System heartbeat OK | delay=5s
2026-03-18 23:30:40,213 | INFO | System heartbeat OK | delay=5s
2026-03-18 23:30:45,214 | INFO | System heartbeat OK | delay=5s
2026-03-18 23:30:50,212 | INFO | System heartbeat OK | delay=4s
2026-03-18 23:30:55,213 | INFO | System heartbeat OK | delay=5s
2026-03-18 23:31:00,214 | INFO | System heartbeat OK | delay=5s
2026-03-18 23:31:05,216 | INFO | System heartbeat OK | delay=5s
2026-03-18 23:31:10,217 | INFO | System heartbeat OK | delay=5s
2026-03-18 23:31:15,218 | INFO | System heartbeat OK | delay=5s
2026-03-18 23:31:20,219 | INFO | System heartbeat OK | delay=5s
2026-03-18 23:31:25,221 | INFO | System heartbeat OK | delay=5s
2026-03-18 23:31:30,222 | INFO | System heartbeat OK | delay=5s
2026-03-18 23:31:35,223 | INFO | System heartbeat OK | delay=5s
2026-03-18 23:31:40,224 | INFO | System heartbeat OK | delay=5s
2026-03-18 23:31:45,226 | INFO | System heartbeat OK | delay=5s
2026-03-18 23:31:50,231 | INFO | System heartbeat OK | delay=5s
2026-03-18 23:31:55,246 | INFO | System heartbeat OK | delay=5s
2026-03-18 23:32:00,247 | INFO | System heartbeat OK | delay=5s
2026-03-18 23:32:05,249 | INFO | System heartbeat OK | delay=5s
2026-03-18 23:32:10,256 | INFO | System heartbeat OK | delay=5s
2026-03-18 23:32:15,257 | INFO | System heartbeat OK | delay=5s
2026-03-18 23:32:20,257 | INFO | System heartbeat OK | delay=4s
2026-03-18 23:32:25,258 | INFO | System heartbeat OK | delay=5s
2026-03-18 23:32:30,259 | INFO | System heartbeat OK | delay=5s
2026-03-18 23:32:35,261 | INFO | System heartbeat OK | delay=5s
2026-03-18 23:32:40,262 | INFO | System heartbeat OK | delay=5s
2026-03-18 23:32:45,264 | INFO | System heartbeat OK | delay=5s
2026-03-18 23:32:50,263 | INFO | System heartbeat OK | delay=4s
2026-03-18 23:32:55,264 | INFO | System heartbeat OK | delay=5s
2026-03-18 23:33:00,265 | INFO | System heartbeat OK | delay=5s
2026-03-18 23:33:05,268 | INFO | System heartbeat OK | delay=5s
2026-03-18 23:33:10,269 | INFO | System heartbeat OK | delay=5s
2026-03-18 23:33:15,271 | INFO | System heartbeat OK | delay=5s
2026-03-18 23:33:20,270 | INFO | System heartbeat OK | delay=4s
2026-03-18 23:33:25,271 | INFO | System heartbeat OK | delay=5s
2026-03-18 23:33:30,273 | INFO | System heartbeat OK | delay=5s
2026-03-18 23:33:35,275 | INFO | System heartbeat OK | delay=5s
2026-03-18 23:33:40,276 | INFO | System heartbeat OK | delay=5s
2026-03-18 23:33:45,278 | INFO | System heartbeat OK | delay=5s
2026-03-18 23:33:50,278 | INFO | System heartbeat OK | delay=4s
2026-03-18 23:33:55,279 | INFO | System heartbeat OK | delay=5s
2026-03-18 23:34:00,281 | INFO | System heartbeat OK | delay=5s
2026-03-18 23:34:05,282 | INFO | System heartbeat OK | delay=5s
2026-03-18 23:34:10,284 | INFO | System heartbeat OK | delay=5s
2026-03-18 23:34:15,285 | INFO | System heartbeat OK | delay=5s
2026-03-18 23:34:20,285 | INFO | System heartbeat OK | delay=4s
2026-03-18 23:34:25,286 | INFO | System heartbeat OK | delay=5s
2026-03-18 23:34:30,293 | INFO | System heartbeat OK | delay=5s
2026-03-18 23:34:35,295 | INFO | System heartbeat OK | delay=5s
2026-03-18 23:34:40,296 | INFO | System heartbeat OK | delay=5s
2026-03-18 23:34:45,298 | INFO | System heartbeat OK | delay=5s
2026-03-18 23:34:50,297 | INFO | System heartbeat OK | delay=4s
2026-03-18 23:34:55,311 | INFO | System heartbeat OK | delay=5s
2026-03-18 23:35:00,312 | INFO | System heartbeat OK | delay=5s
2026-03-18 23:35:05,313 | INFO | System heartbeat OK | delay=5s
2026-03-18 23:35:10,315 | INFO | System heartbeat OK | delay=5s
2026-03-18 23:35:15,316 | INFO | System heartbeat OK | delay=5s
2026-03-18 23:35:20,316 | INFO | System heartbeat OK | delay=4s
2026-03-18 23:35:25,317 | INFO | System heartbeat OK | delay=5s
2026-03-18 23:35:30,318 | INFO | System heartbeat OK | delay=5s
2026-03-18 23:35:35,320 | INFO | System heartbeat OK | delay=5s
2026-03-18 23:35:40,322 | INFO | System heartbeat OK | delay=5s
2026-03-18 23:35:45,323 | INFO | System heartbeat OK | delay=5s
2026-03-18 23:35:50,323 | INFO | System heartbeat OK | delay=4s
2026-03-18 23:35:55,325 | INFO | System heartbeat OK | delay=5s
2026-03-18 23:36:00,326 | INFO | System heartbeat OK | delay=5s
2026-03-18 23:36:05,327 | INFO | System heartbeat OK | delay=5s
2026-03-18 23:36:10,328 | INFO | System heartbeat OK | delay=5s
2026-03-18 23:36:15,329 | INFO | System heartbeat OK | delay=5s
2026-03-18 23:36:20,329 | INFO | System heartbeat OK | delay=4s
2026-03-18 23:36:25,330 | INFO | System heartbeat OK | delay=5s
2026-03-18 23:36:30,331 | INFO | System heartbeat OK | delay=5s
2026-03-18 23:36:35,332 | INFO | System heartbeat OK | delay=5s
2026-03-18 23:36:40,334 | INFO | System heartbeat OK | delay=5s
2026-03-18 23:36:45,335 | INFO | System heartbeat OK | delay=5s
2026-03-18 23:36:50,334 | INFO | System heartbeat OK | delay=4s
2026-03-18 23:36:55,336 | INFO | System heartbeat OK | delay=5s
2026-03-18 23:37:00,337 | INFO | System heartbeat OK | delay=5s
2026-03-18 23:37:05,338 | INFO | System heartbeat OK | delay=5s
2026-03-18 23:37:10,340 | INFO | System heartbeat OK | delay=5s
2026-03-18 23:37:15,342 | INFO | System heartbeat OK | delay=5s
2026-03-18 23:37:20,341 | INFO | System heartbeat OK | delay=4s
2026-03-18 23:37:25,342 | INFO | System heartbeat OK | delay=5s
2026-03-18 23:37:30,344 | INFO | System heartbeat OK | delay=5s
2026-03-18 23:37:35,348 | INFO | System heartbeat OK | delay=5s
2026-03-18 23:37:40,349 | INFO | System heartbeat OK | delay=5s
2026-03-18 23:37:45,350 | INFO | System heartbeat OK | delay=5s
2026-03-18 23:37:50,349 | INFO | System heartbeat OK | delay=4s
2026-03-18 23:37:55,353 | INFO | System heartbeat OK | delay=5s
2026-03-18 23:38:00,354 | INFO | System heartbeat OK | delay=5s
2026-03-18 23:38:05,355 | INFO | System heartbeat OK | delay=5s
2026-03-18 23:38:10,358 | INFO | System heartbeat OK | delay=5s
2026-03-18 23:38:15,360 | INFO | System heartbeat OK | delay=5s
2026-03-18 23:38:20,360 | INFO | System heartbeat OK | delay=5s
2026-03-18 23:38:25,379 | INFO | System heartbeat OK | delay=5s
2026-03-18 23:38:30,380 | INFO | System heartbeat OK | delay=5s
2026-03-18 23:38:35,381 | INFO | System heartbeat OK | delay=5s
2026-03-18 23:38:40,403 | INFO | System heartbeat OK | delay=5s
2026-03-18 23:38:45,405 | INFO | System heartbeat OK | delay=5s
2026-03-18 23:38:50,422 | INFO | System heartbeat OK | delay=5s
2026-03-18 23:38:55,423 | INFO | System heartbeat OK | delay=5s
2026-03-18 23:39:00,425 | INFO | System heartbeat OK | delay=5s
2026-03-18 23:39:05,428 | INFO | System heartbeat OK | delay=5s
2026-03-18 23:39:10,430 | INFO | System heartbeat OK | delay=5s
2026-03-18 23:39:15,431 | INFO | System heartbeat OK | delay=5s
2026-03-18 23:39:20,431 | INFO | System heartbeat OK | delay=4s
2026-03-18 23:39:25,432 | INFO | System heartbeat OK | delay=5s
2026-03-18 23:39:30,433 | INFO | System heartbeat OK | delay=5s
2026-03-18 23:39:35,435 | INFO | System heartbeat OK | delay=5s
2026-03-18 23:39:40,446 | INFO | System heartbeat OK | delay=5s
2026-03-18 23:39:45,447 | INFO | System heartbeat OK | delay=5s
2026-03-18 23:39:50,447 | INFO | System heartbeat OK | delay=4s
2026-03-18 23:39:55,448 | INFO | System heartbeat OK | delay=5s
2026-03-18 23:40:00,449 | INFO | System heartbeat OK | delay=5s
2026-03-18 23:40:05,450 | INFO | System heartbeat OK | delay=5s
2026-03-18 23:40:10,454 | INFO | System heartbeat OK | delay=5s
2026-03-18 23:40:15,455 | INFO | System heartbeat OK | delay=5s
2026-03-18 23:40:20,474 | INFO | System heartbeat OK | delay=5s
2026-03-18 23:40:25,475 | INFO | System heartbeat OK | delay=5s
2026-03-18 23:40:30,477 | INFO | System heartbeat OK | delay=5s
2026-03-18 23:40:35,478 | INFO | System heartbeat OK | delay=5s
2026-03-18 23:40:40,484 | INFO | System heartbeat OK | delay=5s
2026-03-18 23:40:45,485 | INFO | System heartbeat OK | delay=5s
2026-03-18 23:40:50,485 | INFO | System heartbeat OK | delay=4s
2026-03-18 23:40:55,486 | INFO | System heartbeat OK | delay=5s
2026-03-18 23:41:00,488 | INFO | System heartbeat OK | delay=5s
2026-03-18 23:41:05,491 | INFO | System heartbeat OK | delay=5s
2026-03-18 23:41:10,492 | INFO | System heartbeat OK | delay=5s
2026-03-18 23:41:15,493 | INFO | System heartbeat OK | delay=5s
2026-03-18 23:41:20,493 | INFO | System heartbeat OK | delay=4s
2026-03-18 23:41:25,494 | INFO | System heartbeat OK | delay=5s
2026-03-18 23:41:30,495 | INFO | System heartbeat OK | delay=5s
2026-03-18 23:41:35,498 | INFO | System heartbeat OK | delay=5s
2026-03-18 23:41:40,499 | INFO | System heartbeat OK | delay=5s
2026-03-18 23:41:45,501 | INFO | System heartbeat OK | delay=5s
2026-03-18 23:41:50,502 | INFO | System heartbeat OK | delay=5s
2026-03-18 23:41:55,503 | INFO | System heartbeat OK | delay=5s
2026-03-18 23:42:00,504 | INFO | System heartbeat OK | delay=5s
2026-03-18 23:42:05,505 | INFO | System heartbeat OK | delay=5s
2026-03-18 23:42:10,506 | INFO | System heartbeat OK | delay=5s
2026-03-18 23:42:15,508 | INFO | System heartbeat OK | delay=5s
2026-03-18 23:42:20,507 | INFO | System heartbeat OK | delay=4s
2026-03-18 23:42:25,508 | INFO | System heartbeat OK | delay=5s
2026-03-18 23:42:30,509 | INFO | System heartbeat OK | delay=5s
2026-03-18 23:42:35,510 | INFO | System heartbeat OK | delay=5s
2026-03-18 23:42:40,512 | INFO | System heartbeat OK | delay=5s
2026-03-18 23:42:45,513 | INFO | System heartbeat OK | delay=5s
2026-03-18 23:42:50,513 | INFO | System heartbeat OK | delay=4s
2026-03-18 23:42:55,520 | INFO | System heartbeat OK | delay=5s
2026-03-18 23:43:00,521 | INFO | System heartbeat OK | delay=5s
2026-03-18 23:43:05,522 | INFO | System heartbeat OK | delay=5s
2026-03-18 23:43:10,524 | INFO | System heartbeat OK | delay=5s
2026-03-18 23:43:15,525 | INFO | System heartbeat OK | delay=5s
2026-03-18 23:43:20,525 | INFO | System heartbeat OK | delay=4s
2026-03-18 23:43:25,526 | INFO | System heartbeat OK | delay=5s
2026-03-18 23:43:30,529 | INFO | System heartbeat OK | delay=5s
2026-03-18 23:43:35,530 | INFO | System heartbeat OK | delay=5s
2026-03-18 23:43:40,531 | INFO | System heartbeat OK | delay=5s
2026-03-18 23:43:45,533 | INFO | System heartbeat OK | delay=5s
2026-03-18 23:43:50,533 | INFO | System heartbeat OK | delay=5s
2026-03-18 23:43:55,534 | INFO | System heartbeat OK | delay=5s
2026-03-18 23:44:00,535 | INFO | System heartbeat OK | delay=5s
2026-03-18 23:44:05,537 | INFO | System heartbeat OK | delay=5s
2026-03-18 23:44:10,538 | INFO | System heartbeat OK | delay=5s
2026-03-18 23:44:15,581 | INFO | System heartbeat OK | delay=5s
2026-03-18 23:44:20,581 | INFO | System heartbeat OK | delay=4s
2026-03-18 23:44:25,582 | INFO | System heartbeat OK | delay=5s
2026-03-18 23:44:30,583 | INFO | System heartbeat OK | delay=5s
2026-03-18 23:44:35,585 | INFO | System heartbeat OK | delay=5s
2026-03-18 23:44:40,586 | INFO | System heartbeat OK | delay=5s
2026-03-18 23:44:45,588 | INFO | System heartbeat OK | delay=5s
2026-03-18 23:44:50,581 | INFO | System heartbeat OK | delay=4s
2026-03-18 23:44:55,582 | INFO | System heartbeat OK | delay=5s
2026-03-18 23:45:00,591 | INFO | System heartbeat OK | delay=5s
2026-03-18 23:45:05,592 | INFO | System heartbeat OK | delay=5s
2026-03-18 23:45:10,594 | INFO | System heartbeat OK | delay=5s
2026-03-18 23:45:15,595 | INFO | System heartbeat OK | delay=5s
2026-03-18 23:45:20,601 | INFO | System heartbeat OK | delay=5s
2026-03-18 23:45:25,605 | INFO | System heartbeat OK | delay=5s
2026-03-18 23:45:30,606 | INFO | System heartbeat OK | delay=5s
2026-03-18 23:45:35,607 | INFO | System heartbeat OK | delay=5s
2026-03-18 23:45:40,609 | INFO | System heartbeat OK | delay=5s
2026-03-18 23:45:45,611 | INFO | System heartbeat OK | delay=5s
2026-03-18 23:45:50,610 | INFO | System heartbeat OK | delay=4s
2026-03-18 23:45:55,613 | INFO | System heartbeat OK | delay=5s
2026-03-18 23:46:00,615 | INFO | System heartbeat OK | delay=5s
2026-03-18 23:46:05,616 | INFO | System heartbeat OK | delay=5s
2026-03-18 23:46:10,618 | INFO | System heartbeat OK | delay=5s
2026-03-18 23:46:15,619 | INFO | System heartbeat OK | delay=5s
2026-03-18 23:46:20,619 | INFO | System heartbeat OK | delay=4s
2026-03-18 23:46:25,621 | INFO | System heartbeat OK | delay=5s
2026-03-18 23:46:30,622 | INFO | System heartbeat OK | delay=5s
2026-03-18 23:46:35,624 | INFO | System heartbeat OK | delay=5s
2026-03-18 23:46:40,632 | INFO | System heartbeat OK | delay=5s
2026-03-18 23:46:45,633 | INFO | System heartbeat OK | delay=5s
2026-03-18 23:46:50,632 | INFO | System heartbeat OK | delay=4s
2026-03-18 23:46:55,634 | INFO | System heartbeat OK | delay=5s
2026-03-18 23:47:00,636 | INFO | System heartbeat OK | delay=5s
2026-03-18 23:47:05,637 | INFO | System heartbeat OK | delay=5s
2026-03-18 23:47:10,638 | INFO | System heartbeat OK | delay=5s
2026-03-18 23:47:15,639 | INFO | System heartbeat OK | delay=5s
2026-03-18 23:47:20,640 | INFO | System heartbeat OK | delay=5s
2026-03-18 23:47:25,642 | INFO | System heartbeat OK | delay=5s
2026-03-18 23:47:30,644 | INFO | System heartbeat OK | delay=5s
2026-03-18 23:47:35,645 | INFO | System heartbeat OK | delay=5s
2026-03-18 23:47:40,647 | INFO | System heartbeat OK | delay=5s
2026-03-18 23:47:45,648 | INFO | System heartbeat OK | delay=5s
2026-03-18 23:47:50,649 | INFO | System heartbeat OK | delay=5s
2026-03-18 23:47:55,651 | INFO | System heartbeat OK | delay=5s
2026-03-18 23:48:00,652 | INFO | System heartbeat OK | delay=5s
2026-03-18 23:48:05,654 | INFO | System heartbeat OK | delay=5s
2026-03-18 23:48:10,656 | INFO | System heartbeat OK | delay=5s
2026-03-18 23:48:15,657 | INFO | System heartbeat OK | delay=5s
2026-03-18 23:48:20,657 | INFO | System heartbeat OK | delay=4s
2026-03-18 23:48:25,658 | INFO | System heartbeat OK | delay=5s
2026-03-18 23:48:30,659 | INFO | System heartbeat OK | delay=5s
2026-03-18 23:48:35,660 | INFO | System heartbeat OK | delay=5s
2026-03-18 23:48:40,662 | INFO | System heartbeat OK | delay=5s
2026-03-18 23:48:45,663 | INFO | System heartbeat OK | delay=5s
2026-03-18 23:48:50,663 | INFO | System heartbeat OK | delay=4s
2026-03-18 23:48:55,665 | INFO | System heartbeat OK | delay=5s
2026-03-18 23:49:00,666 | INFO | System heartbeat OK | delay=5s
2026-03-18 23:49:05,668 | INFO | System heartbeat OK | delay=5s
2026-03-18 23:49:10,669 | INFO | System heartbeat OK | delay=5s
2026-03-18 23:49:15,671 | INFO | System heartbeat OK | delay=5s
2026-03-18 23:49:20,673 | INFO | System heartbeat OK | delay=5s
2026-03-18 23:49:25,674 | INFO | System heartbeat OK | delay=5s
2026-03-18 23:49:30,676 | INFO | System heartbeat OK | delay=5s
2026-03-18 23:49:35,677 | INFO | System heartbeat OK | delay=5s
2026-03-18 23:49:40,679 | INFO | System heartbeat OK | delay=5s
2026-03-18 23:49:45,680 | INFO | System heartbeat OK | delay=5s
2026-03-18 23:49:50,680 | INFO | System heartbeat OK | delay=4s
2026-03-18 23:49:55,709 | INFO | System heartbeat OK | delay=5s
2026-03-18 23:50:00,710 | INFO | System heartbeat OK | delay=5s
2026-03-18 23:50:05,712 | INFO | System heartbeat OK | delay=5s
2026-03-18 23:50:10,713 | INFO | System heartbeat OK | delay=5s
2026-03-18 23:50:15,759 | INFO | System heartbeat OK | delay=5s
2026-03-18 23:50:20,759 | INFO | System heartbeat OK | delay=5s
2026-03-18 23:50:25,761 | INFO | System heartbeat OK | delay=5s
2026-03-18 23:50:30,762 | INFO | System heartbeat OK | delay=5s
2026-03-18 23:50:35,764 | INFO | System heartbeat OK | delay=5s
2026-03-18 23:50:40,765 | INFO | System heartbeat OK | delay=5s
2026-03-18 23:50:45,766 | INFO | System heartbeat OK | delay=5s
2026-03-18 23:50:50,766 | INFO | System heartbeat OK | delay=4s
2026-03-18 23:50:55,767 | INFO | System heartbeat OK | delay=5s
2026-03-18 23:51:00,769 | INFO | System heartbeat OK | delay=5s
2026-03-18 23:51:05,770 | INFO | System heartbeat OK | delay=5s
2026-03-18 23:51:10,772 | INFO | System heartbeat OK | delay=5s
2026-03-18 23:51:15,773 | INFO | System heartbeat OK | delay=5s
2026-03-18 23:51:20,773 | INFO | System heartbeat OK | delay=4s
2026-03-18 23:51:25,774 | INFO | System heartbeat OK | delay=5s
2026-03-18 23:51:30,776 | INFO | System heartbeat OK | delay=5s
2026-03-18 23:51:35,777 | INFO | System heartbeat OK | delay=5s
2026-03-18 23:51:40,779 | INFO | System heartbeat OK | delay=5s
2026-03-18 23:51:45,781 | INFO | System heartbeat OK | delay=5s
2026-03-18 23:51:50,786 | INFO | System heartbeat OK | delay=5s
2026-03-18 23:51:55,787 | INFO | System heartbeat OK | delay=5s
2026-03-18 23:52:00,790 | INFO | System heartbeat OK | delay=5s
2026-03-18 23:52:05,792 | INFO | System heartbeat OK | delay=5s
2026-03-18 23:52:10,794 | INFO | System heartbeat OK | delay=5s
2026-03-18 23:52:15,795 | INFO | System heartbeat OK | delay=5s
2026-03-18 23:52:20,796 | INFO | System heartbeat OK | delay=5s
2026-03-18 23:52:25,797 | INFO | System heartbeat OK | delay=5s
2026-03-18 23:52:30,799 | INFO | System heartbeat OK | delay=5s
2026-03-18 23:52:35,800 | INFO | System heartbeat OK | delay=5s
2026-03-18 23:52:40,807 | INFO | System heartbeat OK | delay=5s
2026-03-18 23:52:45,808 | INFO | System heartbeat OK | delay=5s
2026-03-18 23:52:50,808 | INFO | System heartbeat OK | delay=4s
2026-03-18 23:52:55,811 | INFO | System heartbeat OK | delay=5s
2026-03-18 23:53:00,812 | INFO | System heartbeat OK | delay=5s
2026-03-18 23:53:05,814 | INFO | System heartbeat OK | delay=5s
2026-03-18 23:53:10,815 | INFO | System heartbeat OK | delay=5s
2026-03-18 23:53:15,816 | INFO | System heartbeat OK | delay=5s
2026-03-18 23:53:20,816 | INFO | System heartbeat OK | delay=4s
2026-03-18 23:53:25,817 | INFO | System heartbeat OK | delay=5s
2026-03-18 23:53:30,819 | INFO | System heartbeat OK | delay=5s
2026-03-18 23:53:35,821 | INFO | System heartbeat OK | delay=5s
2026-03-18 23:53:40,822 | INFO | System heartbeat OK | delay=5s
2026-03-18 23:53:45,824 | INFO | System heartbeat OK | delay=5s
2026-03-18 23:53:50,831 | INFO | System heartbeat OK | delay=5s
2026-03-18 23:53:55,832 | INFO | System heartbeat OK | delay=5s
2026-03-18 23:54:00,833 | INFO | System heartbeat OK | delay=5s
2026-03-18 23:54:05,834 | INFO | System heartbeat OK | delay=5s
2026-03-18 23:54:10,835 | INFO | System heartbeat OK | delay=5s
2026-03-18 23:54:15,837 | INFO | System heartbeat OK | delay=5s
2026-03-18 23:54:20,837 | INFO | System heartbeat OK | delay=4s
2026-03-18 23:54:25,838 | INFO | System heartbeat OK | delay=5s
2026-03-18 23:54:30,840 | INFO | System heartbeat OK | delay=5s
2026-03-18 23:54:35,841 | INFO | System heartbeat OK | delay=5s
2026-03-18 23:54:40,842 | INFO | System heartbeat OK | delay=5s
2026-03-18 23:54:45,845 | INFO | System heartbeat OK | delay=5s
2026-03-18 23:54:50,846 | INFO | System heartbeat OK | delay=5s
2026-03-18 23:54:55,847 | INFO | System heartbeat OK | delay=5s
2026-03-18 23:55:00,848 | INFO | System heartbeat OK | delay=5s
2026-03-18 23:55:05,850 | INFO | System heartbeat OK | delay=5s
2026-03-18 23:55:10,852 | INFO | System heartbeat OK | delay=5s
2026-03-18 23:55:15,854 | INFO | System heartbeat OK | delay=5s
2026-03-18 23:55:20,853 | INFO | System heartbeat OK | delay=4s
2026-03-18 23:55:25,854 | INFO | System heartbeat OK | delay=5s
2026-03-18 23:55:30,856 | INFO | System heartbeat OK | delay=5s
2026-03-18 23:55:35,858 | INFO | System heartbeat OK | delay=5s
2026-03-18 23:55:40,866 | INFO | System heartbeat OK | delay=5s
2026-03-18 23:55:45,868 | INFO | System heartbeat OK | delay=5s
2026-03-18 23:55:50,867 | INFO | System heartbeat OK | delay=4s
2026-03-18 23:55:55,868 | INFO | System heartbeat OK | delay=5s
2026-03-18 23:56:00,870 | INFO | System heartbeat OK | delay=5s
2026-03-18 23:56:05,871 | INFO | System heartbeat OK | delay=5s
2026-03-18 23:56:10,873 | INFO | System heartbeat OK | delay=5s
2026-03-18 23:56:15,875 | INFO | System heartbeat OK | delay=5s
2026-03-18 23:56:20,890 | INFO | System heartbeat OK | delay=5s
2026-03-18 23:56:25,892 | INFO | System heartbeat OK | delay=5s
2026-03-18 23:56:30,895 | INFO | System heartbeat OK | delay=5s
2026-03-18 23:56:35,896 | INFO | System heartbeat OK | delay=5s
2026-03-18 23:56:40,898 | INFO | System heartbeat OK | delay=5s
2026-03-18 23:56:45,899 | INFO | System heartbeat OK | delay=5s
2026-03-18 23:56:50,899 | INFO | System heartbeat OK | delay=4s
2026-03-18 23:56:55,901 | INFO | System heartbeat OK | delay=5s
2026-03-18 23:57:00,903 | INFO | System heartbeat OK | delay=5s
2026-03-18 23:57:05,904 | INFO | System heartbeat OK | delay=5s
2026-03-18 23:57:10,906 | INFO | System heartbeat OK | delay=5s
2026-03-18 23:57:15,907 | INFO | System heartbeat OK | delay=5s
2026-03-18 23:57:20,906 | INFO | System heartbeat OK | delay=4s
2026-03-18 23:57:25,908 | INFO | System heartbeat OK | delay=5s
2026-03-18 23:57:30,909 | INFO | System heartbeat OK | delay=5s
2026-03-18 23:57:35,911 | INFO | System heartbeat OK | delay=5s
2026-03-18 23:57:40,912 | INFO | System heartbeat OK | delay=5s
2026-03-18 23:57:45,913 | INFO | System heartbeat OK | delay=5s
2026-03-18 23:57:50,912 | INFO | System heartbeat OK | delay=4s
2026-03-18 23:57:55,914 | INFO | System heartbeat OK | delay=5s
2026-03-18 23:58:00,915 | INFO | System heartbeat OK | delay=5s
2026-03-18 23:58:05,917 | INFO | System heartbeat OK | delay=5s
2026-03-18 23:58:10,918 | INFO | System heartbeat OK | delay=5s
2026-03-18 23:58:15,966 | INFO | System heartbeat OK | delay=5s
2026-03-18 23:58:20,967 | INFO | System heartbeat OK | delay=5s
2026-03-18 23:58:25,968 | INFO | System heartbeat OK | delay=5s
2026-03-18 23:58:30,969 | INFO | System heartbeat OK | delay=5s
2026-03-18 23:58:35,970 | INFO | System heartbeat OK | delay=5s
2026-03-18 23:58:40,972 | INFO | System heartbeat OK | delay=5s
2026-03-18 23:58:45,973 | INFO | System heartbeat OK | delay=5s
2026-03-18 23:58:50,973 | INFO | System heartbeat OK | delay=4s
2026-03-18 23:58:55,975 | INFO | System heartbeat OK | delay=5s
2026-03-18 23:59:00,977 | INFO | System heartbeat OK | delay=5s
2026-03-18 23:59:05,978 | INFO | System heartbeat OK | delay=5s
2026-03-18 23:59:10,980 | INFO | System heartbeat OK | delay=5s
2026-03-18 23:59:15,981 | INFO | System heartbeat OK | delay=5s
2026-03-18 23:59:20,982 | INFO | System heartbeat OK | delay=5s
2026-03-18 23:59:25,983 | INFO | System heartbeat OK | delay=5s
2026-03-18 23:59:30,985 | INFO | System heartbeat OK | delay=5s
2026-03-18 23:59:35,987 | INFO | System heartbeat OK | delay=5s
2026-03-18 23:59:40,988 | INFO | System heartbeat OK | delay=5s
2026-03-18 23:59:45,992 | INFO | System heartbeat OK | delay=5s
2026-03-18 23:59:50,989 | INFO | System heartbeat OK | delay=4s
2026-03-18 23:59:55,990 | INFO | System heartbeat OK | delay=5s
2026-03-19 00:00:01,011 | INFO | System heartbeat OK | delay=5s
2026-03-19 00:00:06,017 | INFO | System heartbeat OK | delay=5s
2026-03-19 00:00:11,019 | INFO | System heartbeat OK | delay=5s
2026-03-19 00:00:16,020 | INFO | System heartbeat OK | delay=5s
2026-03-19 00:00:21,019 | INFO | System heartbeat OK | delay=4s
2026-03-19 00:00:26,020 | INFO | System heartbeat OK | delay=5s
2026-03-19 00:00:31,021 | INFO | System heartbeat OK | delay=5s
2026-03-19 00:00:36,022 | INFO | System heartbeat OK | delay=5s
2026-03-19 00:00:41,024 | INFO | System heartbeat OK | delay=5s
2026-03-19 00:00:46,025 | INFO | System heartbeat OK | delay=5s
2026-03-19 00:00:51,026 | INFO | System heartbeat OK | delay=5s
2026-03-19 00:00:56,027 | INFO | System heartbeat OK | delay=5s
2026-03-19 00:01:01,028 | INFO | System heartbeat OK | delay=5s
2026-03-19 00:01:06,030 | INFO | System heartbeat OK | delay=5s
2026-03-19 00:01:11,031 | INFO | System heartbeat OK | delay=5s
2026-03-19 00:01:16,032 | INFO | System heartbeat OK | delay=5s
2026-03-19 00:01:21,032 | INFO | System heartbeat OK | delay=4s
2026-03-19 00:01:26,033 | INFO | System heartbeat OK | delay=5s
2026-03-19 00:01:31,034 | INFO | System heartbeat OK | delay=5s
2026-03-19 00:01:36,037 | INFO | System heartbeat OK | delay=5s
2026-03-19 00:01:41,038 | INFO | System heartbeat OK | delay=5s
2026-03-19 00:01:46,040 | INFO | System heartbeat OK | delay=5s
2026-03-19 00:01:51,039 | INFO | System heartbeat OK | delay=4s
2026-03-19 00:01:56,041 | INFO | System heartbeat OK | delay=5s
2026-03-19 00:02:01,042 | INFO | System heartbeat OK | delay=5s
2026-03-19 00:02:06,043 | INFO | System heartbeat OK | delay=5s
2026-03-19 00:02:11,045 | INFO | System heartbeat OK | delay=5s
2026-03-19 00:02:16,046 | INFO | System heartbeat OK | delay=5s
2026-03-19 00:02:21,045 | INFO | System heartbeat OK | delay=4s
2026-03-19 00:02:26,046 | INFO | System heartbeat OK | delay=5s
2026-03-19 00:02:31,048 | INFO | System heartbeat OK | delay=5s
2026-03-19 00:02:36,049 | INFO | System heartbeat OK | delay=5s
2026-03-19 00:02:41,050 | INFO | System heartbeat OK | delay=5s
2026-03-19 00:02:46,052 | INFO | System heartbeat OK | delay=5s
2026-03-19 00:02:51,051 | INFO | System heartbeat OK | delay=4s
2026-03-19 00:02:56,057 | INFO | System heartbeat OK | delay=5s
2026-03-19 00:03:01,058 | INFO | System heartbeat OK | delay=5s
2026-03-19 00:03:06,059 | INFO | System heartbeat OK | delay=5s
2026-03-19 00:03:11,064 | INFO | System heartbeat OK | delay=5s
2026-03-19 00:03:16,070 | INFO | System heartbeat OK | delay=5s
2026-03-19 00:03:21,069 | INFO | System heartbeat OK | delay=4s
2026-03-19 00:03:26,071 | INFO | System heartbeat OK | delay=5s
2026-03-19 00:03:31,073 | INFO | System heartbeat OK | delay=5s
2026-03-19 00:03:36,074 | INFO | System heartbeat OK | delay=5s
2026-03-19 00:03:41,076 | INFO | System heartbeat OK | delay=5s
2026-03-19 00:03:46,077 | INFO | System heartbeat OK | delay=5s
2026-03-19 00:03:51,077 | INFO | System heartbeat OK | delay=5s
2026-03-19 00:03:56,078 | INFO | System heartbeat OK | delay=5s
2026-03-19 00:04:01,080 | INFO | System heartbeat OK | delay=5s
2026-03-19 00:04:06,082 | INFO | System heartbeat OK | delay=5s
2026-03-19 00:04:11,083 | INFO | System heartbeat OK | delay=5s
2026-03-19 00:04:16,085 | INFO | System heartbeat OK | delay=5s
2026-03-19 00:04:21,084 | INFO | System heartbeat OK | delay=4s
2026-03-19 00:04:26,086 | INFO | System heartbeat OK | delay=5s
2026-03-19 00:04:31,087 | INFO | System heartbeat OK | delay=5s
2026-03-19 00:04:36,088 | INFO | System heartbeat OK | delay=5s
2026-03-19 00:04:41,091 | INFO | System heartbeat OK | delay=5s
2026-03-19 00:04:46,093 | INFO | System heartbeat OK | delay=5s
2026-03-19 00:04:51,093 | INFO | System heartbeat OK | delay=4s
2026-03-19 00:04:56,094 | INFO | System heartbeat OK | delay=5s
2026-03-19 00:05:01,095 | INFO | System heartbeat OK | delay=5s
2026-03-19 00:05:06,096 | INFO | System heartbeat OK | delay=5s
2026-03-19 00:05:11,098 | INFO | System heartbeat OK | delay=5s
2026-03-19 00:05:16,099 | INFO | System heartbeat OK | delay=5s
2026-03-19 00:05:21,098 | INFO | System heartbeat OK | delay=4s
2026-03-19 00:05:26,100 | INFO | System heartbeat OK | delay=5s
2026-03-19 00:05:31,102 | INFO | System heartbeat OK | delay=5s
2026-03-19 00:05:36,104 | INFO | System heartbeat OK | delay=5s
2026-03-19 00:05:41,105 | INFO | System heartbeat OK | delay=5s
2026-03-19 00:05:46,107 | INFO | System heartbeat OK | delay=5s
2026-03-19 00:05:51,107 | INFO | System heartbeat OK | delay=5s
2026-03-19 00:05:56,112 | INFO | System heartbeat OK | delay=5s
2026-03-19 00:06:01,113 | INFO | System heartbeat OK | delay=5s
2026-03-19 00:06:06,117 | INFO | System heartbeat OK | delay=5s
2026-03-19 00:06:11,119 | INFO | System heartbeat OK | delay=5s
2026-03-19 00:06:16,120 | INFO | System heartbeat OK | delay=5s
2026-03-19 00:06:21,121 | INFO | System heartbeat OK | delay=5s
2026-03-19 00:06:26,123 | INFO | System heartbeat OK | delay=5s
2026-03-19 00:06:31,124 | INFO | System heartbeat OK | delay=5s
2026-03-19 00:06:36,125 | INFO | System heartbeat OK | delay=5s
2026-03-19 00:06:41,126 | INFO | System heartbeat OK | delay=5s
2026-03-19 00:06:46,128 | INFO | System heartbeat OK | delay=5s
2026-03-19 00:06:51,127 | INFO | System heartbeat OK | delay=4s
2026-03-19 00:06:56,128 | INFO | System heartbeat OK | delay=5s
2026-03-19 00:07:01,130 | INFO | System heartbeat OK | delay=5s
2026-03-19 00:07:06,131 | INFO | System heartbeat OK | delay=5s
2026-03-19 00:07:11,132 | INFO | System heartbeat OK | delay=5s
2026-03-19 00:07:16,133 | INFO | System heartbeat OK | delay=5s
2026-03-19 00:07:21,133 | INFO | System heartbeat OK | delay=4s
2026-03-19 00:07:26,135 | INFO | System heartbeat OK | delay=5s
2026-03-19 00:07:31,138 | INFO | System heartbeat OK | delay=5s
2026-03-19 00:07:36,139 | INFO | System heartbeat OK | delay=5s
2026-03-19 00:07:41,141 | INFO | System heartbeat OK | delay=5s
2026-03-19 00:07:46,142 | INFO | System heartbeat OK | delay=5s
2026-03-19 00:07:51,142 | INFO | System heartbeat OK | delay=5s
2026-03-19 00:07:56,152 | INFO | System heartbeat OK | delay=5s
2026-03-19 00:08:01,153 | INFO | System heartbeat OK | delay=5s
2026-03-19 00:08:06,155 | INFO | System heartbeat OK | delay=5s
2026-03-19 00:08:11,156 | INFO | System heartbeat OK | delay=5s
2026-03-19 00:08:16,158 | INFO | System heartbeat OK | delay=5s
2026-03-19 00:08:21,158 | INFO | System heartbeat OK | delay=5s
2026-03-19 00:08:26,160 | INFO | System heartbeat OK | delay=5s
2026-03-19 00:08:31,161 | INFO | System heartbeat OK | delay=5s
2026-03-19 00:08:36,162 | INFO | System heartbeat OK | delay=5s
2026-03-19 00:08:41,164 | INFO | System heartbeat OK | delay=5s
2026-03-19 00:08:46,175 | INFO | System heartbeat OK | delay=5s
2026-03-19 00:08:51,175 | INFO | System heartbeat OK | delay=4s
2026-03-19 00:08:56,177 | INFO | System heartbeat OK | delay=5s
2026-03-19 00:09:01,178 | INFO | System heartbeat OK | delay=5s
2026-03-19 00:09:06,180 | INFO | System heartbeat OK | delay=5s
2026-03-19 00:09:11,181 | INFO | System heartbeat OK | delay=5s
2026-03-19 00:09:16,182 | INFO | System heartbeat OK | delay=5s
2026-03-19 00:09:21,182 | INFO | System heartbeat OK | delay=4s
2026-03-19 00:09:26,184 | INFO | System heartbeat OK | delay=5s
2026-03-19 00:09:31,185 | INFO | System heartbeat OK | delay=5s
2026-03-19 00:09:36,187 | INFO | System heartbeat OK | delay=5s
2026-03-19 00:09:41,188 | INFO | System heartbeat OK | delay=5s
2026-03-19 00:09:46,190 | INFO | System heartbeat OK | delay=5s
2026-03-19 00:09:51,198 | INFO | System heartbeat OK | delay=5s
2026-03-19 00:09:56,199 | INFO | System heartbeat OK | delay=5s
2026-03-19 00:10:01,200 | INFO | System heartbeat OK | delay=5s
2026-03-19 00:10:06,201 | INFO | System heartbeat OK | delay=5s
2026-03-19 00:10:11,203 | INFO | System heartbeat OK | delay=5s
2026-03-19 00:10:16,205 | INFO | System heartbeat OK | delay=5s
2026-03-19 00:10:21,203 | INFO | System heartbeat OK | delay=4s
2026-03-19 00:10:26,207 | INFO | System heartbeat OK | delay=5s
2026-03-19 00:10:31,208 | INFO | System heartbeat OK | delay=5s
2026-03-19 00:10:36,210 | INFO | System heartbeat OK | delay=5s
2026-03-19 00:10:41,212 | INFO | System heartbeat OK | delay=5s
2026-03-19 00:10:46,213 | INFO | System heartbeat OK | delay=5s
2026-03-19 00:10:51,213 | INFO | System heartbeat OK | delay=4s
2026-03-19 00:10:56,214 | INFO | System heartbeat OK | delay=5s
2026-03-19 00:11:01,216 | INFO | System heartbeat OK | delay=5s
2026-03-19 00:11:06,218 | INFO | System heartbeat OK | delay=5s
2026-03-19 00:11:11,219 | INFO | System heartbeat OK | delay=5s
2026-03-19 00:11:16,221 | INFO | System heartbeat OK | delay=5s
2026-03-19 00:11:21,220 | INFO | System heartbeat OK | delay=4s
2026-03-19 00:11:26,222 | INFO | System heartbeat OK | delay=5s
2026-03-19 00:11:31,227 | INFO | System heartbeat OK | delay=5s
2026-03-19 00:11:36,235 | INFO | System heartbeat OK | delay=5s
2026-03-19 00:11:41,237 | INFO | System heartbeat OK | delay=5s
2026-03-19 00:11:46,238 | INFO | System heartbeat OK | delay=5s
2026-03-19 00:11:51,238 | INFO | System heartbeat OK | delay=4s
2026-03-19 00:11:56,239 | INFO | System heartbeat OK | delay=5s
2026-03-19 00:12:01,240 | INFO | System heartbeat OK | delay=5s
2026-03-19 00:12:06,242 | INFO | System heartbeat OK | delay=5s
2026-03-19 00:12:11,243 | INFO | System heartbeat OK | delay=5s
2026-03-19 00:12:16,246 | INFO | System heartbeat OK | delay=5s
2026-03-19 00:12:21,251 | INFO | System heartbeat OK | delay=5s
2026-03-19 00:12:26,253 | INFO | System heartbeat OK | delay=5s
2026-03-19 00:12:31,254 | INFO | System heartbeat OK | delay=5s
2026-03-19 00:12:36,256 | INFO | System heartbeat OK | delay=5s
2026-03-19 00:12:41,259 | INFO | System heartbeat OK | delay=5s
2026-03-19 00:12:46,260 | INFO | System heartbeat OK | delay=5s
2026-03-19 00:12:51,261 | INFO | System heartbeat OK | delay=5s
2026-03-19 00:12:56,262 | INFO | System heartbeat OK | delay=5s
2026-03-19 00:13:01,264 | INFO | System heartbeat OK | delay=5s
2026-03-19 00:13:06,266 | INFO | System heartbeat OK | delay=5s
2026-03-19 00:13:11,267 | INFO | System heartbeat OK | delay=5s
2026-03-19 00:13:16,269 | INFO | System heartbeat OK | delay=5s
2026-03-19 00:13:21,268 | INFO | System heartbeat OK | delay=4s
2026-03-19 00:13:26,270 | INFO | System heartbeat OK | delay=5s
2026-03-19 00:13:31,271 | INFO | System heartbeat OK | delay=5s
2026-03-19 00:13:36,272 | INFO | System heartbeat OK | delay=5s
2026-03-19 00:13:41,279 | INFO | System heartbeat OK | delay=5s
2026-03-19 00:13:46,280 | INFO | System heartbeat OK | delay=5s
2026-03-19 00:13:51,279 | INFO | System heartbeat OK | delay=4s
2026-03-19 00:13:56,280 | INFO | System heartbeat OK | delay=5s
2026-03-19 00:14:01,281 | INFO | System heartbeat OK | delay=5s
2026-03-19 00:14:06,283 | INFO | System heartbeat OK | delay=5s
2026-03-19 00:14:11,284 | INFO | System heartbeat OK | delay=5s
2026-03-19 00:14:16,285 | INFO | System heartbeat OK | delay=5s
2026-03-19 00:14:21,284 | INFO | System heartbeat OK | delay=4s
2026-03-19 00:14:26,286 | INFO | System heartbeat OK | delay=5s
2026-03-19 00:14:31,287 | INFO | System heartbeat OK | delay=5s
2026-03-19 00:14:36,288 | INFO | System heartbeat OK | delay=5s
2026-03-19 00:14:41,289 | INFO | System heartbeat OK | delay=5s
2026-03-19 00:14:46,290 | INFO | System heartbeat OK | delay=5s
2026-03-19 00:14:51,290 | INFO | System heartbeat OK | delay=4s
2026-03-19 00:14:56,291 | INFO | System heartbeat OK | delay=5s
2026-03-19 00:15:01,292 | INFO | System heartbeat OK | delay=5s
2026-03-19 00:15:06,294 | INFO | System heartbeat OK | delay=5s
2026-03-19 00:15:11,294 | INFO | System heartbeat OK | delay=5s
2026-03-19 00:15:16,297 | INFO | System heartbeat OK | delay=5s
2026-03-19 00:15:21,297 | INFO | System heartbeat OK | delay=4s
2026-03-19 00:15:26,298 | INFO | System heartbeat OK | delay=5s
2026-03-19 00:15:31,299 | INFO | System heartbeat OK | delay=5s
2026-03-19 00:15:36,301 | INFO | System heartbeat OK | delay=5s
2026-03-19 00:15:41,302 | INFO | System heartbeat OK | delay=5s
2026-03-19 00:15:46,304 | INFO | System heartbeat OK | delay=5s
2026-03-19 00:15:51,303 | INFO | System heartbeat OK | delay=4s
2026-03-19 00:15:56,304 | INFO | System heartbeat OK | delay=5s
2026-03-19 00:16:01,306 | INFO | System heartbeat OK | delay=5s
2026-03-19 00:16:06,307 | INFO | System heartbeat OK | delay=5s
2026-03-19 00:16:11,309 | INFO | System heartbeat OK | delay=5s
2026-03-19 00:16:16,310 | INFO | System heartbeat OK | delay=5s
2026-03-19 00:16:21,310 | INFO | System heartbeat OK | delay=5s
2026-03-19 00:16:26,312 | INFO | System heartbeat OK | delay=5s
2026-03-19 00:16:31,314 | INFO | System heartbeat OK | delay=5s
2026-03-19 00:16:36,315 | INFO | System heartbeat OK | delay=5s
2026-03-19 00:16:41,317 | INFO | System heartbeat OK | delay=5s
2026-03-19 00:16:46,318 | INFO | System heartbeat OK | delay=5s
2026-03-19 00:16:51,317 | INFO | System heartbeat OK | delay=4s
2026-03-19 00:16:56,325 | INFO | System heartbeat OK | delay=5s
2026-03-19 00:17:01,327 | INFO | System heartbeat OK | delay=5s
2026-03-19 00:17:06,328 | INFO | System heartbeat OK | delay=5s
2026-03-19 00:17:11,330 | INFO | System heartbeat OK | delay=5s
2026-03-19 00:17:16,331 | INFO | System heartbeat OK | delay=5s
2026-03-19 00:17:21,331 | INFO | System heartbeat OK | delay=5s
2026-03-19 00:17:26,332 | INFO | System heartbeat OK | delay=5s
2026-03-19 00:17:31,334 | INFO | System heartbeat OK | delay=5s
2026-03-19 00:17:36,336 | INFO | System heartbeat OK | delay=5s
2026-03-19 00:17:41,337 | INFO | System heartbeat OK | delay=5s
2026-03-19 00:17:46,338 | INFO | System heartbeat OK | delay=5s
2026-03-19 00:17:51,338 | INFO | System heartbeat OK | delay=4s
2026-03-19 00:17:56,339 | INFO | System heartbeat OK | delay=5s
2026-03-19 00:18:01,341 | INFO | System heartbeat OK | delay=5s
2026-03-19 00:18:06,342 | INFO | System heartbeat OK | delay=5s
2026-03-19 00:18:11,343 | INFO | System heartbeat OK | delay=5s
2026-03-19 00:18:16,344 | INFO | System heartbeat OK | delay=5s
2026-03-19 00:18:21,344 | INFO | System heartbeat OK | delay=4s
2026-03-19 00:18:26,345 | INFO | System heartbeat OK | delay=5s
2026-03-19 00:18:31,373 | INFO | System heartbeat OK | delay=5s
2026-03-19 00:18:36,375 | INFO | System heartbeat OK | delay=5s
2026-03-19 00:18:41,376 | INFO | System heartbeat OK | delay=5s
2026-03-19 00:18:46,378 | INFO | System heartbeat OK | delay=5s
2026-03-19 00:18:51,379 | INFO | System heartbeat OK | delay=5s
2026-03-19 00:18:56,380 | INFO | System heartbeat OK | delay=5s
2026-03-19 00:19:01,382 | INFO | System heartbeat OK | delay=5s
2026-03-19 00:19:06,383 | INFO | System heartbeat OK | delay=5s
2026-03-19 00:19:11,386 | INFO | System heartbeat OK | delay=5s
2026-03-19 00:19:16,387 | INFO | System heartbeat OK | delay=5s
2026-03-19 00:19:21,387 | INFO | System heartbeat OK | delay=4s
2026-03-19 00:19:26,388 | INFO | System heartbeat OK | delay=5s
2026-03-19 00:19:31,389 | INFO | System heartbeat OK | delay=5s
2026-03-19 00:19:36,391 | INFO | System heartbeat OK | delay=5s
2026-03-19 00:19:41,392 | INFO | System heartbeat OK | delay=5s
2026-03-19 00:19:46,394 | INFO | System heartbeat OK | delay=5s
2026-03-19 00:19:51,394 | INFO | System heartbeat OK | delay=5s
2026-03-19 00:19:56,396 | INFO | System heartbeat OK | delay=5s
2026-03-19 00:20:01,398 | INFO | System heartbeat OK | delay=5s
2026-03-19 00:20:06,399 | INFO | System heartbeat OK | delay=5s
2026-03-19 00:20:11,401 | INFO | System heartbeat OK | delay=5s
2026-03-19 00:20:16,403 | INFO | System heartbeat OK | delay=5s
2026-03-19 00:20:21,402 | INFO | System heartbeat OK | delay=4s
2026-03-19 00:20:26,403 | INFO | System heartbeat OK | delay=5s
2026-03-19 00:20:31,404 | INFO | System heartbeat OK | delay=5s
2026-03-19 00:20:36,405 | INFO | System heartbeat OK | delay=5s
2026-03-19 00:20:41,407 | INFO | System heartbeat OK | delay=5s
2026-03-19 00:20:46,408 | INFO | System heartbeat OK | delay=5s
2026-03-19 00:20:51,408 | INFO | System heartbeat OK | delay=5s
2026-03-19 00:20:56,423 | INFO | System heartbeat OK | delay=5s
2026-03-19 00:21:01,424 | INFO | System heartbeat OK | delay=5s
2026-03-19 00:21:06,425 | INFO | System heartbeat OK | delay=5s
2026-03-19 00:21:11,429 | INFO | System heartbeat OK | delay=5s
2026-03-19 00:21:16,431 | INFO | System heartbeat OK | delay=5s
2026-03-19 00:21:21,434 | INFO | System heartbeat OK | delay=5s
2026-03-19 00:21:26,436 | INFO | System heartbeat OK | delay=5s
2026-03-19 00:21:31,438 | INFO | System heartbeat OK | delay=5s
2026-03-19 00:21:36,439 | INFO | System heartbeat OK | delay=5s
2026-03-19 00:21:41,441 | INFO | System heartbeat OK | delay=5s
2026-03-19 00:21:46,442 | INFO | System heartbeat OK | delay=5s
2026-03-19 00:21:51,442 | INFO | System heartbeat OK | delay=4s
2026-03-19 00:21:56,443 | INFO | System heartbeat OK | delay=5s
2026-03-19 00:22:01,444 | INFO | System heartbeat OK | delay=5s
2026-03-19 00:22:06,445 | INFO | System heartbeat OK | delay=5s
2026-03-19 00:22:11,446 | INFO | System heartbeat OK | delay=5s
2026-03-19 00:22:16,448 | INFO | System heartbeat OK | delay=5s
2026-03-19 00:22:21,448 | INFO | System heartbeat OK | delay=4s
2026-03-19 00:22:26,449 | INFO | System heartbeat OK | delay=5s
2026-03-19 00:22:31,450 | INFO | System heartbeat OK | delay=5s
2026-03-19 00:22:36,451 | INFO | System heartbeat OK | delay=5s
2026-03-19 00:22:41,453 | INFO | System heartbeat OK | delay=5s
2026-03-19 00:22:46,454 | INFO | System heartbeat OK | delay=5s
2026-03-19 00:22:51,454 | INFO | System heartbeat OK | delay=5s
2026-03-19 00:22:56,455 | INFO | System heartbeat OK | delay=5s
2026-03-19 00:23:01,456 | INFO | System heartbeat OK | delay=5s
2026-03-19 00:23:06,458 | INFO | System heartbeat OK | delay=5s
2026-03-19 00:23:11,459 | INFO | System heartbeat OK | delay=5s
2026-03-19 00:23:16,461 | INFO | System heartbeat OK | delay=5s
2026-03-19 00:23:21,461 | INFO | System heartbeat OK | delay=5s
2026-03-19 00:23:26,463 | INFO | System heartbeat OK | delay=5s
2026-03-19 00:23:31,464 | INFO | System heartbeat OK | delay=5s
2026-03-19 00:23:36,466 | INFO | System heartbeat OK | delay=5s
2026-03-19 00:23:41,468 | INFO | System heartbeat OK | delay=5s
2026-03-19 00:23:46,469 | INFO | System heartbeat OK | delay=5s
2026-03-19 00:23:51,469 | INFO | System heartbeat OK | delay=5s
2026-03-19 00:23:56,470 | INFO | System heartbeat OK | delay=5s
2026-03-19 00:24:01,472 | INFO | System heartbeat OK | delay=5s
2026-03-19 00:24:06,474 | INFO | System heartbeat OK | delay=5s
2026-03-19 00:24:11,475 | INFO | System heartbeat OK | delay=5s
2026-03-19 00:24:16,476 | INFO | System heartbeat OK | delay=5s
2026-03-19 00:24:21,477 | INFO | System heartbeat OK | delay=5s
2026-03-19 00:24:26,480 | INFO | System heartbeat OK | delay=5s
2026-03-19 00:24:31,482 | INFO | System heartbeat OK | delay=5s
2026-03-19 00:24:36,484 | INFO | System heartbeat OK | delay=5s
2026-03-19 00:24:41,485 | INFO | System heartbeat OK | delay=5s
2026-03-19 00:24:46,487 | INFO | System heartbeat OK | delay=5s
2026-03-19 00:24:51,486 | INFO | System heartbeat OK | delay=4s
2026-03-19 00:24:56,489 | INFO | System heartbeat OK | delay=5s
2026-03-19 00:25:01,491 | INFO | System heartbeat OK | delay=5s
2026-03-19 00:25:06,493 | INFO | System heartbeat OK | delay=5s
2026-03-19 00:25:11,494 | INFO | System heartbeat OK | delay=5s
2026-03-19 00:25:16,496 | INFO | System heartbeat OK | delay=5s
2026-03-19 00:25:21,495 | INFO | System heartbeat OK | delay=4s
2026-03-19 00:25:26,504 | INFO | System heartbeat OK | delay=5s
2026-03-19 00:25:31,505 | INFO | System heartbeat OK | delay=5s
2026-03-19 00:25:36,506 | INFO | System heartbeat OK | delay=5s
2026-03-19 00:25:41,508 | INFO | System heartbeat OK | delay=5s
2026-03-19 00:25:46,509 | INFO | System heartbeat OK | delay=5s
2026-03-19 00:25:51,509 | INFO | System heartbeat OK | delay=4s
2026-03-19 00:25:56,510 | INFO | System heartbeat OK | delay=5s
2026-03-19 00:26:01,512 | INFO | System heartbeat OK | delay=5s
2026-03-19 00:26:06,513 | INFO | System heartbeat OK | delay=5s
2026-03-19 00:26:11,515 | INFO | System heartbeat OK | delay=5s
2026-03-19 00:26:16,516 | INFO | System heartbeat OK | delay=5s
2026-03-19 00:26:21,516 | INFO | System heartbeat OK | delay=4s
2026-03-19 00:26:26,517 | INFO | System heartbeat OK | delay=5s
2026-03-19 00:26:31,518 | INFO | System heartbeat OK | delay=5s
2026-03-19 00:26:36,522 | INFO | System heartbeat OK | delay=5s
2026-03-19 00:26:41,537 | INFO | System heartbeat OK | delay=5s
2026-03-19 00:26:46,540 | INFO | System heartbeat OK | delay=5s
2026-03-19 00:26:51,539 | INFO | System heartbeat OK | delay=4s
2026-03-19 00:26:56,541 | INFO | System heartbeat OK | delay=5s
2026-03-19 00:27:01,542 | INFO | System heartbeat OK | delay=5s
2026-03-19 00:27:06,544 | INFO | System heartbeat OK | delay=5s
2026-03-19 00:27:11,545 | INFO | System heartbeat OK | delay=5s
2026-03-19 00:27:16,547 | INFO | System heartbeat OK | delay=5s
2026-03-19 00:27:21,547 | INFO | System heartbeat OK | delay=5s
2026-03-19 00:27:26,548 | INFO | System heartbeat OK | delay=5s
2026-03-19 00:27:31,550 | INFO | System heartbeat OK | delay=5s
2026-03-19 00:27:36,552 | INFO | System heartbeat OK | delay=5s
2026-03-19 00:27:41,553 | INFO | System heartbeat OK | delay=5s
2026-03-19 00:27:46,555 | INFO | System heartbeat OK | delay=5s
2026-03-19 00:27:51,555 | INFO | System heartbeat OK | delay=5s
2026-03-19 00:27:56,556 | INFO | System heartbeat OK | delay=5s
2026-03-19 00:28:01,557 | INFO | System heartbeat OK | delay=5s
2026-03-19 00:28:06,559 | INFO | System heartbeat OK | delay=5s
2026-03-19 00:28:11,560 | INFO | System heartbeat OK | delay=5s
2026-03-19 00:28:16,563 | INFO | System heartbeat OK | delay=5s
2026-03-19 00:28:21,562 | INFO | System heartbeat OK | delay=4s
2026-03-19 00:28:26,564 | INFO | System heartbeat OK | delay=5s
2026-03-19 00:28:31,565 | INFO | System heartbeat OK | delay=5s
2026-03-19 00:28:36,577 | INFO | System heartbeat OK | delay=5s
2026-03-19 00:28:41,578 | INFO | System heartbeat OK | delay=5s
2026-03-19 00:28:46,580 | INFO | System heartbeat OK | delay=5s
2026-03-19 00:28:51,580 | INFO | System heartbeat OK | delay=5s
2026-03-19 00:28:56,581 | INFO | System heartbeat OK | delay=5s
2026-03-19 00:29:01,583 | INFO | System heartbeat OK | delay=5s
2026-03-19 00:29:06,584 | INFO | System heartbeat OK | delay=5s
2026-03-19 00:29:11,586 | INFO | System heartbeat OK | delay=5s
2026-03-19 00:29:16,587 | INFO | System heartbeat OK | delay=5s
2026-03-19 00:29:21,595 | INFO | System heartbeat OK | delay=5s
2026-03-19 00:29:26,597 | INFO | System heartbeat OK | delay=5s
2026-03-19 00:29:31,600 | INFO | System heartbeat OK | delay=5s
2026-03-19 00:29:36,601 | INFO | System heartbeat OK | delay=5s
2026-03-19 00:29:41,603 | INFO | System heartbeat OK | delay=5s
2026-03-19 00:29:46,605 | INFO | System heartbeat OK | delay=5s
2026-03-19 00:29:51,605 | INFO | System heartbeat OK | delay=5s
2026-03-19 00:29:56,611 | INFO | System heartbeat OK | delay=5s
2026-03-19 00:30:01,612 | INFO | System heartbeat OK | delay=5s
2026-03-19 00:30:06,614 | INFO | System heartbeat OK | delay=5s
2026-03-19 00:30:11,615 | INFO | System heartbeat OK | delay=5s
2026-03-19 00:30:16,616 | INFO | System heartbeat OK | delay=5s
2026-03-19 00:30:21,616 | INFO | System heartbeat OK | delay=4s
2026-03-19 00:30:26,617 | INFO | System heartbeat OK | delay=5s
2026-03-19 00:30:31,619 | INFO | System heartbeat OK | delay=5s
2026-03-19 00:30:36,620 | INFO | System heartbeat OK | delay=5s
2026-03-19 00:30:41,621 | INFO | System heartbeat OK | delay=5s
2026-03-19 00:30:46,623 | INFO | System heartbeat OK | delay=5s
2026-03-19 00:30:51,624 | INFO | System heartbeat OK | delay=5s
2026-03-19 00:30:56,625 | INFO | System heartbeat OK | delay=5s
2026-03-19 00:31:01,627 | INFO | System heartbeat OK | delay=5s
2026-03-19 00:31:06,629 | INFO | System heartbeat OK | delay=5s
2026-03-19 00:31:11,630 | INFO | System heartbeat OK | delay=5s
2026-03-19 00:31:16,632 | INFO | System heartbeat OK | delay=5s
2026-03-19 00:31:21,632 | INFO | System heartbeat OK | delay=5s
2026-03-19 00:31:26,634 | INFO | System heartbeat OK | delay=5s
2026-03-19 00:31:31,635 | INFO | System heartbeat OK | delay=5s
2026-03-19 00:31:36,637 | INFO | System heartbeat OK | delay=5s
2026-03-19 00:31:41,639 | INFO | System heartbeat OK | delay=5s
2026-03-19 00:31:46,641 | INFO | System heartbeat OK | delay=5s
2026-03-19 00:31:51,640 | INFO | System heartbeat OK | delay=4s
2026-03-19 00:31:56,642 | INFO | System heartbeat OK | delay=5s
2026-03-19 00:32:01,644 | INFO | System heartbeat OK | delay=5s
2026-03-19 00:32:06,646 | INFO | System heartbeat OK | delay=5s
2026-03-19 00:32:11,648 | INFO | System heartbeat OK | delay=5s
2026-03-19 00:32:16,649 | INFO | System heartbeat OK | delay=5s
2026-03-19 00:32:21,650 | INFO | System heartbeat OK | delay=5s
2026-03-19 00:32:26,651 | INFO | System heartbeat OK | delay=5s
2026-03-19 00:32:31,653 | INFO | System heartbeat OK | delay=5s
2026-03-19 00:32:36,655 | INFO | System heartbeat OK | delay=5s
2026-03-19 00:32:41,657 | INFO | System heartbeat OK | delay=5s
2026-03-19 00:32:46,658 | INFO | System heartbeat OK | delay=5s
2026-03-19 00:32:51,660 | INFO | System heartbeat OK | delay=5s
2026-03-19 00:32:56,661 | INFO | System heartbeat OK | delay=5s
2026-03-19 00:33:01,662 | INFO | System heartbeat OK | delay=5s
2026-03-19 00:33:06,664 | INFO | System heartbeat OK | delay=5s
2026-03-19 00:33:11,665 | INFO | System heartbeat OK | delay=5s
2026-03-19 00:33:16,667 | INFO | System heartbeat OK | delay=5s
2026-03-19 00:33:21,667 | INFO | System heartbeat OK | delay=4s
2026-03-19 00:33:26,668 | INFO | System heartbeat OK | delay=5s
2026-03-19 00:33:31,669 | INFO | System heartbeat OK | delay=5s
2026-03-19 00:33:36,671 | INFO | System heartbeat OK | delay=5s
